"d-rfile"
"Iteration" "d"
("Iteration" "d")
1 14.9023538977539
2 2.702302603493185
3 2.44965634670239
4 2.23284274383184
5 2.047276966382448
6 1.913584415417833
7 1.825567723829955
8 1.765727724639019
9 1.728241265244414
10 1.700335929232672
11 1.685703540771369
12 1.675845509144933
13 1.672697916998124
14 1.672493469877788
15 1.676098561166353
16 1.676234609864697
17 1.677757529895578
18 1.677088619005302
19 1.678064055814337
20 1.675750684689506
21 1.674730660606002
22 1.673046634318659
23 1.673591198597933
24 1.671754432712119
25 1.669795783020305
26 1.666735775641447
27 1.664921097915911
28 1.6618651966783
29 1.658867563487249
30 1.656067782291112
31 1.655540734298144
32 1.654993910905097
33 1.6548108764117
34 1.653617079458222
35 1.653773078991677
36 1.652327825468763
37 1.651502901936902
38 1.649509303540717
39 1.649455061138109
40 1.648126225313639
41 1.6480817379263
42 1.646622394200249
43 1.647373678322514
44 1.646186305540619
45 1.64550816417307
46 1.643808160761205
47 1.644025131288156
48 1.64278217337577
49 1.641457055033595
50 1.638567926956078
51 1.638855418990639
52 1.637306399812649
53 1.635690754707065
54 1.633697191449616
55 1.635272446463658
56 1.635188782779476
57 1.634183531690807
58 1.631836356483108
59 1.632334286681244
60 1.63089745426466
61 1.630948766528557
62 1.629905090625953
63 1.630674988668638
64 1.629424299000608
65 1.630030457929029
66 1.629671989477605
67 1.630589261032835
68 1.629180454802714
69 1.629044274819444
70 1.627486656359416
71 1.62767946575837
72 1.627104837004217
73 1.627909340330981
74 1.627307774061149
75 1.62788054430524
76 1.628533846092755
77 1.629637299497655
78 1.628849412683604
79 1.628844544808946
80 1.628120568818038
81 1.628075571844152
82 1.627323733115639
83 1.628769909206483
84 1.629278415517637
85 1.630542100051819
86 1.630137020998665
87 1.631133836820049
88 1.630424227606831
89 1.630719175559069
90 1.629535931945026
91 1.629863810605161
92 1.629298203207272
93 1.629531235756852
94 1.628506182850247
95 1.629835359465854
96 1.630003354324937
97 1.630965469564353
98 1.63001403193286
99 1.630538107560373
100 1.630104961406369
101 1.630023419249419
102 1.627812888847548
103 1.627297336939315
104 1.626690041904853
105 1.627351942319589
106 1.626256022590915
107 1.627385160187286
108 1.627236781212554
109 1.627646533282026
110 1.626356905502759
111 1.62784342765387
112 1.628022489648706
113 1.628499186422875
114 1.62676965973772
115 1.627269392027449
116 1.626567085026057
117 1.62613482322965
118 1.623681940240203
119 1.623807152288942
120 1.623603560928485
121 1.62348780177978
122 1.622025741263896
123 1.622644592171572
124 1.622908777303911
125 1.623571684735019
126 1.622837334107524
127 1.623387537476293
128 1.623597829465585
129 1.624674565054434
130 1.623754781438755
131 1.624140342532076
132 1.623856751498725
133 1.624528542568254
134 1.623685447432939
135 1.623466867685602
136 1.622625431602914
137 1.624654744115259
138 1.625517394429338
139 1.626107606765609
140 1.625393352814117
141 1.626264584098853
142 1.626238655408399
143 1.625969742017843
144 1.624423301341005
145 1.624278811769146
146 1.624267597951446
147 1.624509434193804
148 1.624795188583116
149 1.626378697589978
150 1.627558240457735
151 1.627353674415718
152 1.627490756912054
153 1.627161825702303
154 1.62763160170467
155 1.62749240403565
156 1.628308406603194
157 1.628748956273479
158 1.629503862236817
159 1.62935818327236
160 1.629565082944298
161 1.629264250016939
162 1.628028863458058
163 1.626533141557019
164 1.626871214642575
165 1.628237854111745
166 1.629268809975435
167 1.630020514771749
168 1.631122125986016
169 1.631989822092033
170 1.631820712563681
171 1.631215909762694
172 1.630133002351467
173 1.629134466959166
174 1.627828399057255
175 1.626619887657978
176 1.626351621085183
177 1.626412849278923
178 1.626861074332993
179 1.627587123817466
180 1.62838582427996
181 1.62903845033424
182 1.630044207185635
183 1.63057305489405
184 1.62970907155085
185 1.628504910644405
186 1.628314822725546
187 1.628242801576275
188 1.627936888685252
189 1.62731704307343
190 1.628459468705854
191 1.630376715090466
192 1.630801574293968
193 1.629953777917982
194 1.629910800327911
195 1.630553313978799
196 1.630538775300466
197 1.629613961999262
198 1.628734764963246
199 1.628346251376284
200 1.627624445948026
201 1.626321172075134
202 1.625483196211661
203 1.625449564584552
204 1.62632635558055
205 1.627350842625874
206 1.628194341077799
207 1.628443723644863
208 1.629217168917598
209 1.630270749504716
210 1.630097607007852
211 1.629537305637182
212 1.629818117627448
213 1.630288388848417
214 1.629571667124408
215 1.627517407089841
216 1.626390504945149
217 1.625510392013599
218 1.624534413967074
219 1.623615837071708
220 1.623436326349549
221 1.624052074231539
222 1.624940130273391
223 1.625186292390998
224 1.624877044131346
225 1.624957262499835
226 1.62609601232601
227 1.626651039535804
228 1.626338646064018
229 1.626489600669395
230 1.627275797080997
231 1.62755417414488
232 1.625883492415745
233 1.624361765802223
234 1.622940179885635
235 1.622250571219559
236 1.620756268491959
237 1.620029026200794
238 1.620010193514627
239 1.620938992028343
240 1.621482689701938
241 1.621922825404712
242 1.621665895921061
243 1.62268023436333
244 1.622942584942592
245 1.623795855555453
246 1.623256567383893
247 1.624163930970679
248 1.624669342545296
249 1.625434271162043
250 1.624787983956586
251 1.625544579382006
252 1.62554123505708
253 1.626047362144408
254 1.624942843158266
255 1.625776014101637
256 1.625814987864839
257 1.626286069841936
258 1.625176340025075
259 1.625879481589925
260 1.625914021358084
261 1.626161980633527
262 1.624615150808524
263 1.624799560961107
264 1.625266477335065
265 1.62612070333526
266 1.625145499061524
267 1.625841574108149
268 1.626285076082452
269 1.626852671085726
270 1.62648639244561
271 1.627796486584937
272 1.62850642923278
273 1.629559018132036
274 1.629115002421427
275 1.630454424560614
276 1.6305466763822
277 1.631362629072165
278 1.630589568979057
279 1.630783859223169
280 1.630308706108922
281 1.630800302200122
282 1.629582376777075
283 1.62889136060772
284 1.627725079839351
285 1.627986238228555
286 1.626977953629703
287 1.626252947926607
288 1.625715140027844
289 1.62696800473803
290 1.628244463877936
291 1.629386748264336
292 1.628725057369865
293 1.629399266525161
294 1.630063931117979
295 1.630755933247717
296 1.629868867500786
297 1.629731720016988
298 1.630546514125137
299 1.630280150925317
300 1.629093221269245
301 1.628088447993223
302 1.628667919214128
303 1.629220545745029
304 1.629793654395162
305 1.630231048116981
306 1.631595865077837
307 1.632027590956211
308 1.63226302712589
309 1.631728643586763
310 1.631619094107104
311 1.631118311019911
312 1.630546282119343
313 1.629233054024792
314 1.627844096966774
315 1.626509899309393
316 1.626004717515704
317 1.625284980300436
318 1.624974307360826
319 1.62531988928999
320 1.626853228087326
321 1.628337047104125
322 1.628534569443254
323 1.628506205178216
324 1.629458719161606
325 1.629910352259892
326 1.629173394131923
327 1.627152522179636
328 1.62618352612148
329 1.626030794078067
330 1.625838384694459
331 1.625838677239095
332 1.626181485241976
333 1.626285965529152
334 1.627295776816555
335 1.628734507954133
336 1.630066215419121
337 1.629706493126299
338 1.629657431347092
339 1.630301255472494
340 1.631019571940407
341 1.63086829689467
342 1.631405905019871
343 1.632018849578836
344 1.632094566757601
345 1.630761808202934
346 1.630027594713867
347 1.629880490299423
348 1.629651350439168
349 1.629215609743264
350 1.629167289097718
351 1.6292282693391
352 1.629057770342412
353 1.629046531151919
354 1.629884138886346
355 1.63083989603689
356 1.631597705342337
357 1.632117235440244
358 1.63250604892795
359 1.632528046166618
360 1.63153270846163
361 1.631064826567332
362 1.63140018165433
363 1.631454522981339
364 1.630442989949726
365 1.629435181842388
366 1.629400325192581
367 1.630051703724733
368 1.63063605480023
369 1.631367219994105
370 1.631729838557739
371 1.632028141556438
372 1.63240676804673
373 1.632820542502097
374 1.632696659851407
375 1.632382498934309
376 1.632565083798309
377 1.634169813727307
378 1.634585794687886
379 1.634060611220914
380 1.632915541815382
381 1.633093446745149
382 1.632391321488011
383 1.631164916947913
384 1.630466470086371
385 1.631475963123282
386 1.631991203107143
387 1.633029960758631
388 1.633229581937113
389 1.634896633059356
390 1.635520514633326
391 1.636288457009963
392 1.635524323480565
393 1.635273060475188
394 1.632932672522779
395 1.631207797237231
396 1.628919262900148
397 1.628283012524319
398 1.626799978980151
399 1.627270847696071
400 1.626503441101815
401 1.62633593941458
402 1.626632207778014
403 1.628823185379772
404 1.629229900937114
405 1.63015809089443
406 1.630050168612315
407 1.631309827795174
408 1.630940017063915
409 1.631980857647164
410 1.631549726992032
411 1.631446434077415
412 1.629298894550385
413 1.628587409038417
414 1.62726805367487
415 1.627337690265389
416 1.626014841240734
417 1.626487698131115
418 1.626250532761665
419 1.627176721702384
420 1.626957792746872
421 1.628064132164162
422 1.628495415936236
423 1.629459450448703
424 1.628049976815927
425 1.628573429597968
426 1.628790597416306
427 1.629404537773584
428 1.627341921522986
429 1.625784742003941
430 1.624547098153057
431 1.624286427965692
432 1.623070909354863
433 1.623824043620434
434 1.624140409419218
435 1.624351614964972
436 1.625026427119707
437 1.626400648432683
438 1.627569386577551
439 1.628347266324037
440 1.629573506558194
441 1.630462172628673
442 1.631979142449902
443 1.632956118476018
444 1.633395033466323
445 1.632343908834026
446 1.631844125996279
447 1.630830799163935
448 1.629988969458449
449 1.62859167448552
450 1.628132238393063
451 1.628606440029935
452 1.628862960257353
453 1.628050082772416
454 1.628587150480461
455 1.630309300564728
456 1.632340884866406
457 1.632713860446972
458 1.633011566867946
459 1.633932434229158
460 1.634721937469097
461 1.634723040824217
462 1.63366441832353
463 1.632679010378694
464 1.632996897643597
465 1.631771876046859
466 1.629495357329432
467 1.627716374814509
468 1.627382438134702
469 1.628038093901716
470 1.628507084205917
471 1.628683949349054
472 1.628699489056511
473 1.628964449588897
474 1.630192468534527
475 1.63033163682447
476 1.630346084405792
477 1.63041279868736
478 1.630616073517174
479 1.630403477769158
480 1.629279142157465
481 1.627790832357019
482 1.626927410928036
483 1.625530522418891
484 1.624177004856088
485 1.623760703190286
486 1.624089943317662
487 1.624582420179513
488 1.625300947415868
489 1.626672210146105
490 1.627418958598922
491 1.627969621728781
492 1.629132976841043
493 1.630077332364341
494 1.630576334222732
495 1.631570524770662
496 1.632221927945749
497 1.632196732580751
498 1.630366658273961
499 1.628477158383262
500 1.6272440648708
501 1.62615820661072
502 1.624996983745238
503 1.624115941127534
504 1.623404338111429
505 1.62302796578272
506 1.622740317110735
507 1.6232087354202
508 1.623622218377752
509 1.624492154213751
510 1.625588336761125
511 1.626212465414453
512 1.62644038742239
513 1.627392360866022
514 1.627744682466019
515 1.628140624990522
516 1.627932979077364
517 1.629007143082531
518 1.629394468072096
519 1.629625476044992
520 1.62949077040453
521 1.630018129872134
522 1.629091833240925
523 1.62877514301823
524 1.627745880509035
525 1.628420133955175
526 1.628267228225136
527 1.627799871435174
528 1.626415464975643
529 1.626926278303266
530 1.626929813658226
531 1.628227703644015
532 1.628339979346994
533 1.629296438350246
534 1.628321947137223
535 1.629278350653498
536 1.629038778425615
537 1.630090558940342
538 1.629821835851744
539 1.630033517291732
540 1.62849524600556
541 1.628366410263079
542 1.627812972570613
543 1.629101883080817
544 1.628440500288312
545 1.628282013603728
546 1.627506846661347
547 1.628509524639077
548 1.62862544712923
549 1.629132501506091
550 1.62839705309969
551 1.629360937713633
552 1.629190316933393
553 1.6301925612463
554 1.629895872436805
555 1.630282760822942
556 1.629235868062836
557 1.628848845832906
558 1.627888223614825
559 1.628299608933623
560 1.627873812191026
561 1.628539695314715
562 1.628397777261096
563 1.629276763415372
564 1.6291564695518
565 1.62922700798986
566 1.628530556288518
567 1.628761362912085
568 1.628524010419556
569 1.628821420501896
570 1.628547469434417
571 1.629158249324561
572 1.62905332017388
573 1.628254906508302
574 1.62731223475151
575 1.626440447099824
576 1.62653477910184
577 1.626974448262037
578 1.62830747526389
579 1.62977595827999
580 1.631729743620499
581 1.63231037634581
582 1.632653190596773
583 1.632017068935706
584 1.631805280927314
585 1.631203891213909
586 1.631137349963205
587 1.630540552108781
588 1.630116574561084
589 1.630103406353345
590 1.630503499667894
591 1.630087743466752
592 1.629943211189908
593 1.630192437632812
594 1.631433349521435
595 1.632049005322389
596 1.632171223769429
597 1.632799715890953
598 1.633849966104219
599 1.63340915730419
600 1.632111710606559
601 1.631283913738304
602 1.632229453520343
603 1.632330051414628
604 1.631570965420267
605 1.630873309914985
606 1.630900519230774
607 1.631355380195873
608 1.631706020090584
609 1.631671367888912
610 1.632039785819966
611 1.632814738388515
612 1.633845482544062
613 1.633929867184382
614 1.633821327005725
615 1.63454031000776
616 1.636044229319508
617 1.636537811877751
618 1.635761614687387
619 1.634793402496956
620 1.634921715664942
621 1.635061091069589
622 1.634766052703519
623 1.634194124195443
624 1.634370309445772
625 1.634861532345228
626 1.634946329413287
627 1.63512722133109
628 1.635614250424738
629 1.635912695408366
630 1.636458474693538
631 1.636980097300549
632 1.637380672626552
633 1.637085016382699
634 1.636730047182806
635 1.637314791719534
636 1.637129174452556
637 1.635862967304363
638 1.633774917558848
639 1.631940040689199
640 1.631502366013129
641 1.630919816250595
642 1.629714589850049
643 1.629592052505128
644 1.629995246830189
645 1.630584596148029
646 1.630313368533228
647 1.630538707460018
648 1.631920994419424
649 1.632973057619877
650 1.633278669330639
651 1.633147106496948
652 1.632464183933754
653 1.632042930045378
654 1.631203970967567
655 1.631060811753416
656 1.630500141063141
657 1.630246753479196
658 1.630548946433862
659 1.631753966962467
660 1.63168143784696
661 1.632050632800262
662 1.631852114873143
663 1.632935006158394
664 1.633112103830433
665 1.63324996735548
666 1.632889997503138
667 1.633411779369347
668 1.633158941769212
669 1.632886786045752
670 1.630884862893769
671 1.630192036026119
672 1.628266171072903
673 1.628042112070155
674 1.626976671208204
675 1.627393118068857
676 1.627967603732623
677 1.629915498489631
678 1.629365606171162
679 1.629600579516375
680 1.629610400978629
681 1.631730819659662
682 1.631378806723403
683 1.631336662099314
684 1.631190439147687
685 1.632013525105025
686 1.631052678199962
687 1.630205299859518
688 1.628627830600516
689 1.62942786155815
690 1.62961782670721
691 1.63004860093989
692 1.629061171046245
693 1.629052934668211
694 1.628769896718505
695 1.629221747306476
696 1.628580714885743
697 1.630132438318726
698 1.630997198696362
699 1.632278898137865
700 1.632125167875828
701 1.632737192635757
702 1.633246152527129
703 1.634065656087628
704 1.633186708738647
705 1.633136746029066
706 1.63285259840299
707 1.633097918569372
708 1.631531445381126
709 1.630658812205021
710 1.630119063043827
711 1.62976774377781
712 1.629671407502882
713 1.630421484587196
714 1.630685903799983
715 1.631307209911745
716 1.632386864441728
717 1.633871418975414
718 1.635043221651816
719 1.635078688792693
720 1.635777018677798
721 1.63571449707459
722 1.636105545767656
723 1.635943202374425
724 1.635863820190452
725 1.635453583122821
726 1.634791696836599
727 1.633370622595745
728 1.632022445624062
729 1.630286304562787
730 1.629875584802302
731 1.629709329018169
732 1.629835449466301
733 1.63017985955673
734 1.631394545794028
735 1.632665980498913
736 1.633583693895684
737 1.633202707893338
738 1.63350607775049
739 1.633817744663909
740 1.634008524511499
741 1.633827758919763
742 1.63397112780009
743 1.633943281167097
744 1.634202373317907
745 1.633125692099325
746 1.631304798640186
747 1.629430052738573
748 1.629228260687989
749 1.630298254132935
750 1.630865235729498
751 1.63025318463131
752 1.630693409557075
753 1.63128281831775
754 1.632550628352464
755 1.631970259612704
756 1.631902122224449
757 1.631761410905115
758 1.632371598217377
759 1.633112877753319
760 1.633015576551114
761 1.632624630624565
762 1.633646229855959
763 1.635034827512586
764 1.636094756547515
765 1.635607690313651
766 1.635180015981923
767 1.63440322866132
768 1.633483191184222
769 1.632466751677539
770 1.631377465651144
771 1.63076662476427
772 1.630678866061047
773 1.630069697613607
774 1.629577961712453
775 1.629911495185977
776 1.630780583716522
777 1.632045760836675
778 1.632753210440451
779 1.63238612980913
780 1.631764093148979
781 1.631376094172543
782 1.631659901002926
783 1.631223717016601
784 1.630540661322999
785 1.630521512199543
786 1.631051063399592
787 1.631481762185222
788 1.63131807632934
789 1.631776737007251
790 1.632539790817704
791 1.633091803597775
792 1.632563395393354
793 1.631969566569816
794 1.632002408974031
795 1.633002091800891
796 1.633841908204913
797 1.634330128112484
798 1.633755541815818
799 1.633378592797906
800 1.632256697483726
801 1.631712532447184
802 1.630643337837556
803 1.630059469127605
804 1.629547640798447
805 1.629828535730033
806 1.629297037610214
807 1.629191088539533
808 1.629615020293772
809 1.630435922735483
810 1.629494193057372
811 1.629988675854945
812 1.629934783114315
813 1.630531101845088
814 1.630325492246798
815 1.63103837959718
816 1.630239250805043
817 1.630115443457477
818 1.629524570161816
819 1.630027522203754
820 1.628997164162064
821 1.628760793334563
822 1.628101724295761
823 1.628844149031023
824 1.628772840284485
825 1.629664354021509
826 1.62954685011414
827 1.630756461487354
828 1.631425955186035
829 1.632978538400922
830 1.632283768848653
831 1.63224181353478
832 1.63167836157765
833 1.633115158099584
834 1.63367533540857
835 1.634417480848437
836 1.633430669833674
837 1.633276318653205
838 1.632362368528574
839 1.631936178199728
840 1.629987964410703
841 1.629572513461755
842 1.629131013158214
843 1.630611200678787
844 1.630995328184387
845 1.631894378036935
846 1.631528252229379
847 1.63252688789424
848 1.632575218538617
849 1.633089341765808
850 1.632266602426852
851 1.632103960951831
852 1.630963822717576
853 1.630497730430663
854 1.629412875142316
855 1.628436492568132
856 1.628196416261701
857 1.629096164197843
858 1.629979096831053
859 1.629704634867181
860 1.630223736863829
861 1.630903618703188
862 1.631785941489622
863 1.632366265813771
864 1.633398335720961
865 1.633374454968154
866 1.63327189330053
867 1.633852100266165
868 1.634717481065285
869 1.634091348439183
870 1.633027437312477
871 1.63282467863515
872 1.633228425288076
873 1.632488662532665
874 1.631612521189034
875 1.631328191492009
876 1.631799912127347
877 1.631192965083865
878 1.630584009612392
879 1.630617057185475
880 1.631295482415754
881 1.631389281824777
882 1.631696810494178
883 1.631925501396552
884 1.6324150366071
885 1.632202804817949
886 1.632379734423251
887 1.632335216146995
888 1.63282888485456
889 1.632333922173295
890 1.632348334887769
891 1.632137020599908
892 1.631823595183911
893 1.63057845875106
894 1.630755749595717
895 1.631788204985899
896 1.633003356676449
897 1.632563898433122
898 1.632945809525483
899 1.634240920526838
900 1.635901050157264
901 1.635274980440002
902 1.634046536779475
903 1.633529898344359
904 1.633800411391528
905 1.632768288173582
906 1.63074912664414
907 1.629686087514468
908 1.629759595134345
909 1.629861700443701
910 1.629900818614641
911 1.630164105324996
912 1.630873319990449
913 1.631056037589703
914 1.630968693109923
915 1.630969919922058
916 1.631380035537808
917 1.631754965388356
918 1.631694437740463
919 1.630726623464288
920 1.629768441446118
921 1.629855391281281
922 1.6306744008201
923 1.630998834227738
924 1.630955725983568
925 1.630755928109722
926 1.630550967912281
927 1.630611048327216
928 1.631479976336576
929 1.632574373328219
930 1.633106947492266
931 1.634163928547661
932 1.635011275837488
933 1.634950651752783
934 1.634621730411049
935 1.635250799973785
936 1.635846826532243
937 1.635033662350868
938 1.633139844753039
939 1.632433910194137
940 1.632401281349471
941 1.631447004331472
942 1.629699808125061
943 1.630149762567649
944 1.630918963245495
945 1.631435381350378
946 1.630833484858847
947 1.631905974836058
948 1.632219980380702
949 1.631955537278525
950 1.630828652939041
951 1.630619627047272
952 1.629933238359818
953 1.630280486477528
954 1.630529197602941
955 1.631371636124642
956 1.630648601767811
957 1.631583314583767
958 1.631561555218743
959 1.63207408110741
960 1.631122669587012
961 1.631583906287275
962 1.632391404747002
963 1.634235208883029
964 1.632994589068887
965 1.632975615347492
966 1.633289197650439
967 1.635565364928931
968 1.635546924164527
969 1.634648855373589
970 1.631756167486203
971 1.63106489553922
972 1.629947427247485
973 1.630172493825439
974 1.630238195999291
975 1.631196673113481
976 1.631289787644147
977 1.632537768556814
978 1.632679590503099
979 1.632539303143424
980 1.631267289875278
981 1.631789507069822
982 1.632024898523778
983 1.632618762073069
984 1.630599983408835
985 1.629536353348835
986 1.628743152004982
987 1.629379360061411
988 1.628994848596884
989 1.62918179813621
990 1.628532206336968
991 1.630011514309157
992 1.631727090203848
993 1.633155741951824
994 1.632633500604199
995 1.633166482849723
996 1.633459417563138
997 1.633793179153819
998 1.633262843346116
999 1.633313514308106
1000 1.63260820735494
